[debug] [2025-07-15T14:35:43.368Z] ----------------------------------------------------------------------
[debug] [2025-07-15T14:35:43.372Z] Command:       C:\Program Files\nodejs\node.exe C:\Users\agome\AppData\Roaming\npm\node_modules\firebase-tools\lib\bin\firebase.js deploy
[debug] [2025-07-15T14:35:43.373Z] CLI Version:   14.10.1
[debug] [2025-07-15T14:35:43.373Z] Platform:      win32
[debug] [2025-07-15T14:35:43.373Z] Node Version:  v22.17.0
[debug] [2025-07-15T14:35:43.374Z] Time:          Tue Jul 15 2025 11:35:43 GMT-0300 (Horário Padrão de Brasília)
[debug] [2025-07-15T14:35:43.374Z] ----------------------------------------------------------------------
[debug] 
[debug] [2025-07-15T14:35:43.606Z] > command requires scopes: ["email","openid","https://www.googleapis.com/auth/cloudplatformprojects.readonly","https://www.googleapis.com/auth/firebase","https://www.googleapis.com/auth/cloud-platform"]
[debug] [2025-07-15T14:35:43.607Z] > authorizing via signed-in user (alessandrogomescunha@gmail.com)
[debug] [2025-07-15T14:35:43.607Z] [iam] checking project alessandro-portfolio for permissions ["datastore.indexes.create","datastore.indexes.delete","datastore.indexes.list","datastore.indexes.update","firebase.projects.get","firebasehosting.sites.update","firebaserules.releases.create","firebaserules.releases.update","firebaserules.rulesets.create"]
[debug] [2025-07-15T14:35:43.608Z] Checked if tokens are valid: false, expires at: 1752589896957
[debug] [2025-07-15T14:35:43.608Z] Checked if tokens are valid: false, expires at: 1752589896957
[debug] [2025-07-15T14:35:43.608Z] > refreshing access token with scopes: []
[debug] [2025-07-15T14:35:43.610Z] >>> [apiv2][query] POST https://www.googleapis.com/oauth2/v3/token [none]
[debug] [2025-07-15T14:35:43.611Z] >>> [apiv2][body] POST https://www.googleapis.com/oauth2/v3/token [omitted]
[debug] [2025-07-15T14:35:43.904Z] <<< [apiv2][status] POST https://www.googleapis.com/oauth2/v3/token 200
[debug] [2025-07-15T14:35:43.904Z] <<< [apiv2][body] POST https://www.googleapis.com/oauth2/v3/token [omitted]
[debug] [2025-07-15T14:35:43.912Z] >>> [apiv2][query] POST https://cloudresourcemanager.googleapis.com/v1/projects/alessandro-portfolio:testIamPermissions [none]
[debug] [2025-07-15T14:35:43.912Z] >>> [apiv2][(partial)header] POST https://cloudresourcemanager.googleapis.com/v1/projects/alessandro-portfolio:testIamPermissions x-goog-quota-user=projects/alessandro-portfolio
[debug] [2025-07-15T14:35:43.912Z] >>> [apiv2][body] POST https://cloudresourcemanager.googleapis.com/v1/projects/alessandro-portfolio:testIamPermissions {"permissions":["datastore.indexes.create","datastore.indexes.delete","datastore.indexes.list","datastore.indexes.update","firebase.projects.get","firebasehosting.sites.update","firebaserules.releases.create","firebaserules.releases.update","firebaserules.rulesets.create"]}
[debug] [2025-07-15T14:35:44.877Z] <<< [apiv2][status] POST https://cloudresourcemanager.googleapis.com/v1/projects/alessandro-portfolio:testIamPermissions 200
[debug] [2025-07-15T14:35:44.877Z] <<< [apiv2][body] POST https://cloudresourcemanager.googleapis.com/v1/projects/alessandro-portfolio:testIamPermissions {"permissions":["datastore.indexes.create","datastore.indexes.delete","datastore.indexes.list","datastore.indexes.update","firebase.projects.get","firebasehosting.sites.update","firebaserules.releases.create","firebaserules.releases.update","firebaserules.rulesets.create"]}
[debug] [2025-07-15T14:35:44.877Z] Checked if tokens are valid: true, expires at: 1752593742905
[debug] [2025-07-15T14:35:44.877Z] Checked if tokens are valid: true, expires at: 1752593742905
[debug] [2025-07-15T14:35:44.877Z] >>> [apiv2][query] GET https://firebase.googleapis.com/v1beta1/projects/alessandro-portfolio [none]
[debug] [2025-07-15T14:35:45.392Z] <<< [apiv2][status] GET https://firebase.googleapis.com/v1beta1/projects/alessandro-portfolio 200
[debug] [2025-07-15T14:35:45.392Z] <<< [apiv2][body] GET https://firebase.googleapis.com/v1beta1/projects/alessandro-portfolio {"projectId":"alessandro-portfolio","projectNumber":"1077155633264","displayName":"olhotofografico","name":"projects/alessandro-portfolio","resources":{"hostingSite":"alessandro-portfolio","realtimeDatabaseInstance":"alessandro-portfolio-default-rtdb","locationId":"asia-northeast3"},"state":"ACTIVE","etag":"1_93809544-0730-4368-9e03-ca9dadd81171"}
[info] 
[info] === Deploying to 'alessandro-portfolio'...
[info] 
[info] i  deploying storage, firestore, hosting 
[info] i  storage: ensuring required API firebasestorage.googleapis.com is enabled... 
[debug] [2025-07-15T14:35:45.397Z] Checked if tokens are valid: true, expires at: 1752593742905
[debug] [2025-07-15T14:35:45.397Z] Checked if tokens are valid: true, expires at: 1752593742905
[debug] [2025-07-15T14:35:45.397Z] >>> [apiv2][query] GET https://firebasestorage.googleapis.com/v1alpha/projects/alessandro-portfolio/defaultBucket [none]
